<?xml version="1.0" encoding="UTF-8"?>
<testng-results ignored="0" total="1" passed="1" failed="0" skipped="0">
  <reporter-output>
  </reporter-output>
  <suite started-at="2024-08-03T19:06:40 IST" name="Default suite" finished-at="2024-08-03T19:07:04 IST" duration-ms="23283">
    <groups>
    </groups>
    <test started-at="2024-08-03T19:06:40 IST" name="Default test" finished-at="2024-08-03T19:07:04 IST" duration-ms="23283">
      <class name="Testcases.TC_001_Loginpage">
        <test-method is-config="true" signature="setup()[pri:0, instance:Testcases.TC_001_Loginpage@548d708a]" started-at="2024-08-03T19:06:40 IST" name="setup" finished-at="2024-08-03T19:06:49 IST" duration-ms="9113" status="PASS">
          <reporter-output>
          </reporter-output>
        </test-method> <!-- setup -->
        <test-method signature="logintest()[pri:0, instance:Testcases.TC_001_Loginpage@548d708a]" started-at="2024-08-03T19:06:49 IST" name="logintest" finished-at="2024-08-03T19:07:03 IST" duration-ms="13872" status="PASS">
          <reporter-output>
          </reporter-output>
        </test-method> <!-- logintest -->
        <test-method is-config="true" signature="tearDown()[pri:0, instance:Testcases.TC_001_Loginpage@548d708a]" started-at="2024-08-03T19:07:03 IST" name="tearDown" finished-at="2024-08-03T19:07:04 IST" duration-ms="152" status="PASS">
          <reporter-output>
          </reporter-output>
        </test-method> <!-- tearDown -->
      </class> <!-- Testcases.TC_001_Loginpage -->
    </test> <!-- Default test -->
  </suite> <!-- Default suite -->
</testng-results>
